{
  "stats": {
    "suites": 1,
    "tests": 6,
    "passes": 6,
    "pending": 0,
    "failures": 0,
    "start": "2023-02-03T00:35:00.420Z",
    "end": "2023-02-03T00:35:00.902Z",
    "duration": 482,
    "testsRegistered": 6,
    "passPercent": 100,
    "pendingPercent": 0,
    "other": 0,
    "hasOther": false,
    "skipped": 0,
    "hasSkipped": false
  },
  "results": [
    {
      "uuid": "1c3da8d1-161f-4770-bf12-81d3311a4d55",
      "title": "",
      "fullFile": "cypress\\e2e\\Work\\produtos.cy.js",
      "file": "cypress\\e2e\\Work\\produtos.cy.js",
      "beforeHooks": [],
      "afterHooks": [],
      "tests": [],
      "suites": [
        {
          "uuid": "1d46fbed-1014-4b4a-9651-5e96f4ccd9a2",
          "title": " Teste da Funcionalidade de Produtos",
          "fullFile": "",
          "file": "",
          "beforeHooks": [],
          "afterHooks": [],
          "tests": [
            {
              "title": "Deve validar contrato de produto",
              "fullTitle": " Teste da Funcionalidade de Produtos Deve validar contrato de produto",
              "timedOut": null,
              "duration": 115,
              "state": "passed",
              "speed": "fast",
              "pass": true,
              "fail": false,
              "pending": false,
              "context": null,
              "code": "cy.request('produtos').then(response => {\n  return _produtos.default.validateAsync(response.body);\n});",
              "err": {},
              "uuid": "da839063-881d-4d54-a9da-5964ab8d2dff",
              "parentUUID": "1d46fbed-1014-4b4a-9651-5e96f4ccd9a2",
              "isHook": false,
              "skipped": false
            },
            {
              "title": "Listar Produtos",
              "fullTitle": " Teste da Funcionalidade de Produtos Listar Produtos",
              "timedOut": null,
              "duration": 67,
              "state": "passed",
              "speed": "fast",
              "pass": true,
              "fail": false,
              "pending": false,
              "context": null,
              "code": "cy.request({\n  method: 'GET',\n  url: 'produtos'\n}).then(response => {\n  expect(response.status).to.eq(200);\n});",
              "err": {},
              "uuid": "626cad36-5109-464b-9457-a814f330a7c9",
              "parentUUID": "1d46fbed-1014-4b4a-9651-5e96f4ccd9a2",
              "isHook": false,
              "skipped": false
            },
            {
              "title": "Cadastrar Produtos",
              "fullTitle": " Teste da Funcionalidade de Produtos Cadastrar Produtos",
              "timedOut": null,
              "duration": 73,
              "state": "passed",
              "speed": "fast",
              "pass": true,
              "fail": false,
              "pending": false,
              "context": null,
              "code": "const randomProductName = 'produto teste' + Math.floor(Math.random() * 100000);\ncy.token('007qa@qa.com.br', 'teste').then(tkn => {\n  cy.request({\n    method: 'POST',\n    url: 'produtos',\n    headers: {\n      authorization: tkn\n    },\n    body: {\n      \"nome\": randomProductName,\n      \"descricao\": \"produtos para testes\",\n      \"preco\": 1110,\n      \"quantidade\": 10\n    }\n  }).then(response => {\n    expect(response.status).to.eq(201);\n    expect(response.body.message).to.eq('Cadastro realizado com sucesso');\n  });\n});",
              "err": {},
              "uuid": "35395258-0cd1-42e2-bb47-c82e7e8824df",
              "parentUUID": "1d46fbed-1014-4b4a-9651-5e96f4ccd9a2",
              "isHook": false,
              "skipped": false
            },
            {
              "title": "Deve editar um produto já cadastrado",
              "fullTitle": " Teste da Funcionalidade de Produtos Deve editar um produto já cadastrado",
              "timedOut": null,
              "duration": 61,
              "state": "passed",
              "speed": "fast",
              "pass": true,
              "fail": false,
              "pending": false,
              "context": null,
              "code": "const randomProductName = 'produto teste' + Math.floor(Math.random() * 100000);\ncy.request('produtos').then(response => {\n  let id = response.body.produtos[0]._id;\n  cy.request({\n    method: 'PUT',\n    url: 'produtos/ ' + id,\n    headers: {\n      authorization: token\n    },\n    body: {\n      \"nome\": randomProductName,\n      \"descricao\": 'produto editado no put',\n      \"quantidade\": \"100\",\n      \"preco\": \"101\"\n    }\n  });\n});",
              "err": {},
              "uuid": "02fc8295-2b13-4d2e-b265-bc454898ab05",
              "parentUUID": "1d46fbed-1014-4b4a-9651-5e96f4ccd9a2",
              "isHook": false,
              "skipped": false
            },
            {
              "title": "Deve editar um produto cadastrado previamente",
              "fullTitle": " Teste da Funcionalidade de Produtos Deve editar um produto cadastrado previamente",
              "timedOut": null,
              "duration": 61,
              "state": "passed",
              "speed": "fast",
              "pass": true,
              "fail": false,
              "pending": false,
              "context": null,
              "code": "const randomProductName = 'produto teste' + Math.floor(Math.random() * 100000);\ncy.CadastrarProdutos(token, randomProductName, 'produto para teste', 1001, 10).then(response => {\n  let id = response.body._id;\n  cy.request({\n    method: 'PUT',\n    url: 'produtos/' + id,\n    headers: {\n      authorization: token\n    },\n    body: {\n      \"nome\": randomProductName,\n      \"descricao\": 'produto put',\n      \"quantidade\": \"100\",\n      \"preco\": \"101\"\n    }\n  }).then(response => {\n    expect(response.status).to.eq(200);\n    expect(response.body.message).to.eq('Registro alterado com sucesso');\n  });\n});",
              "err": {},
              "uuid": "a0602647-3e7d-4783-a9cc-9a7aa006e322",
              "parentUUID": "1d46fbed-1014-4b4a-9651-5e96f4ccd9a2",
              "isHook": false,
              "skipped": false
            },
            {
              "title": "Deve deletar um produto cadastrado previamente",
              "fullTitle": " Teste da Funcionalidade de Produtos Deve deletar um produto cadastrado previamente",
              "timedOut": null,
              "duration": 57,
              "state": "passed",
              "speed": "fast",
              "pass": true,
              "fail": false,
              "pending": false,
              "context": null,
              "code": "const randomProductName = 'produto teste' + Math.floor(Math.random() * 100000);\ncy.CadastrarProdutos(token, randomProductName, 'produto para teste', 1001, 10).then(response => {\n  let id = response.body._id;\n  cy.request({\n    method: 'DELETE',\n    url: 'produtos/' + id,\n    headers: {\n      authorization: token\n    }\n  }).then(response => {\n    expect(response.status).to.eq(200);\n    expect(response.body.message).to.eq('Registro excluído com sucesso');\n  });\n});",
              "err": {},
              "uuid": "6e1e0059-5876-4c01-a4ab-a0dafaa5d5d7",
              "parentUUID": "1d46fbed-1014-4b4a-9651-5e96f4ccd9a2",
              "isHook": false,
              "skipped": false
            }
          ],
          "suites": [],
          "passes": [
            "da839063-881d-4d54-a9da-5964ab8d2dff",
            "626cad36-5109-464b-9457-a814f330a7c9",
            "35395258-0cd1-42e2-bb47-c82e7e8824df",
            "02fc8295-2b13-4d2e-b265-bc454898ab05",
            "a0602647-3e7d-4783-a9cc-9a7aa006e322",
            "6e1e0059-5876-4c01-a4ab-a0dafaa5d5d7"
          ],
          "failures": [],
          "pending": [],
          "skipped": [],
          "duration": 434,
          "root": false,
          "rootEmpty": false,
          "_timeout": 2000
        }
      ],
      "passes": [],
      "failures": [],
      "pending": [],
      "skipped": [],
      "duration": 0,
      "root": true,
      "rootEmpty": true,
      "_timeout": 2000
    }
  ],
  "meta": {
    "mocha": {
      "version": "7.0.1"
    },
    "mochawesome": {
      "options": {
        "quiet": false,
        "reportFilename": "mochawesome",
        "saveHtml": false,
        "saveJson": true,
        "consoleReporter": "spec",
        "useInlineDiffs": false,
        "code": true
      },
      "version": "7.1.3"
    },
    "marge": {
      "options": {
        "reportDir": "cypress/reports/mochawesome",
        "overwrite": false,
        "html": false,
        "json": true
      },
      "version": "6.2.0"
    }
  }
}